# JRE version: OpenJDK Runtime Environment (11.0.13) (build 11.0.13+0-b1751.21-8125866)
# Java VM: OpenJDK 64-Bit Server VM (11.0.13+0-b1751.21-8125866, mixed mode, tiered, compressed oops, g1 gc, windows-amd64)
Heap:
 garbage-first heap   total 155648K, used 123031K [0x00000000a0000000, 0x0000000100000000)
  region size 1024K, 26 young (26624K), 5 survivors (5120K)
 Metaspace       used 103361K, capacity 106297K, committed 106448K, reserved 1140736K
  class space    used 13285K, capacity 14374K, committed 14464K, reserved 1048576K
GC Heap History (20 events):
Event: 30.663 GC heap before
{Heap before GC invocations=23 (full 0):
 garbage-first heap   total 155648K, used 127699K [0x00000000a0000000, 0x0000000100000000)
  region size 1024K, 53 young (54272K), 7 survivors (7168K)
 Metaspace       used 83806K, capacity 86174K, committed 86224K, reserved 1124352K
  class space    used 10772K, capacity 11638K, committed 11648K, reserved 1048576K
}
Event: 30.682 GC heap after
{Heap after GC invocations=24 (full 0):
 garbage-first heap   total 155648K, used 84613K [0x00000000a0000000, 0x0000000100000000)
  region size 1024K, 7 young (7168K), 7 survivors (7168K)
 Metaspace       used 83806K, capacity 86174K, committed 86224K, reserved 1124352K
  class space    used 10772K, capacity 11638K, committed 11648K, reserved 1048576K
}
Event: 33.049 GC heap before
{Heap before GC invocations=25 (full 0):
 garbage-first heap   total 155648K, used 126597K [0x00000000a0000000, 0x0000000100000000)
  region size 1024K, 49 young (50176K), 7 survivors (7168K)
 Metaspace       used 87254K, capacity 89626K, committed 89808K, reserved 1126400K
  class space    used 11190K, capacity 12054K, committed 12160K, reserved 1048576K
}
Event: 33.071 GC heap after
{Heap after GC invocations=26 (full 0):
 garbage-first heap   total 155648K, used 88276K [0x00000000a0000000, 0x0000000100000000)
  region size 1024K, 4 young (4096K), 4 survivors (4096K)
 Metaspace       used 87254K, capacity 89626K, committed 89808K, reserved 1126400K
  class space    used 11190K, capacity 12054K, committed 12160K, reserved 1048576K
}
Event: 61.951 GC heap before
{Heap before GC invocations=26 (full 0):
 garbage-first heap   total 155648K, used 123092K [0x00000000a0000000, 0x0000000100000000)
  region size 1024K, 40 young (40960K), 4 survivors (4096K)
 Metaspace       used 89748K, capacity 92167K, committed 92368K, reserved 1130496K
  class space    used 11485K, capacity 12363K, committed 12416K, reserved 1048576K
}
Event: 61.959 GC heap after
{Heap after GC invocations=27 (full 0):
 garbage-first heap   total 155648K, used 89338K [0x00000000a0000000, 0x0000000100000000)
  region size 1024K, 5 young (5120K), 5 survivors (5120K)
 Metaspace       used 89748K, capacity 92167K, committed 92368K, reserved 1130496K
  class space    used 11485K, capacity 12363K, committed 12416K, reserved 1048576K
}
Event: 62.346 GC heap before
{Heap before GC invocations=28 (full 0):
 garbage-first heap   total 155648K, used 115962K [0x00000000a0000000, 0x0000000100000000)
  region size 1024K, 32 young (32768K), 5 survivors (5120K)
 Metaspace       used 89777K, capacity 92231K, committed 92368K, reserved 1130496K
  class space    used 11489K, capacity 12363K, committed 12416K, reserved 1048576K
}
Event: 62.359 GC heap after
{Heap after GC invocations=29 (full 0):
 garbage-first heap   total 155648K, used 93251K [0x00000000a0000000, 0x0000000100000000)
  region size 1024K, 6 young (6144K), 6 survivors (6144K)
 Metaspace       used 89777K, capacity 92231K, committed 92368K, reserved 1130496K
  class space    used 11489K, capacity 12363K, committed 12416K, reserved 1048576K
}
Event: 62.740 GC heap before
{Heap before GC invocations=30 (full 0):
 garbage-first heap   total 155648K, used 129091K [0x00000000a0000000, 0x0000000100000000)
  region size 1024K, 41 young (41984K), 6 survivors (6144K)
 Metaspace       used 89780K, capacity 92231K, committed 92368K, reserved 1130496K
  class space    used 11489K, capacity 12363K, committed 12416K, reserved 1048576K
}
Event: 62.743 GC heap after
{Heap after GC invocations=31 (full 0):
 garbage-first heap   total 155648K, used 89625K [0x00000000a0000000, 0x0000000100000000)
  region size 1024K, 1 young (1024K), 1 survivors (1024K)
 Metaspace       used 89780K, capacity 92231K, committed 92368K, reserved 1130496K
  class space    used 11489K, capacity 12363K, committed 12416K, reserved 1048576K
}
Event: 63.085 GC heap before
{Heap before GC invocations=31 (full 0):
 garbage-first heap   total 155648K, used 129561K [0x00000000a0000000, 0x0000000100000000)
  region size 1024K, 41 young (41984K), 1 survivors (1024K)
 Metaspace       used 89912K, capacity 92356K, committed 92368K, reserved 1130496K
  class space    used 11501K, capacity 12404K, committed 12416K, reserved 1048576K
}
Event: 63.088 GC heap after
{Heap after GC invocations=32 (full 0):
 garbage-first heap   total 155648K, used 89664K [0x00000000a0000000, 0x0000000100000000)
  region size 1024K, 1 young (1024K), 1 survivors (1024K)
 Metaspace       used 89912K, capacity 92356K, committed 92368K, reserved 1130496K
  class space    used 11501K, capacity 12404K, committed 12416K, reserved 1048576K
}
Event: 64.214 GC heap before
{Heap before GC invocations=33 (full 0):
 garbage-first heap   total 155648K, used 131648K [0x00000000a0000000, 0x0000000100000000)
  region size 1024K, 42 young (43008K), 1 survivors (1024K)
 Metaspace       used 92533K, capacity 95186K, committed 95440K, reserved 1132544K
  class space    used 11892K, capacity 12864K, committed 12928K, reserved 1048576K
}
Event: 64.232 GC heap after
{Heap after GC invocations=34 (full 0):
 garbage-first heap   total 155648K, used 93225K [0x00000000a0000000, 0x0000000100000000)
  region size 1024K, 5 young (5120K), 5 survivors (5120K)
 Metaspace       used 92533K, capacity 95186K, committed 95440K, reserved 1132544K
  class space    used 11892K, capacity 12864K, committed 12928K, reserved 1048576K
}
Event: 64.974 GC heap before
{Heap before GC invocations=34 (full 0):
 garbage-first heap   total 155648K, used 130089K [0x00000000a0000000, 0x0000000100000000)
  region size 1024K, 41 young (41984K), 5 survivors (5120K)
 Metaspace       used 96974K, capacity 99605K, committed 99920K, reserved 1136640K
  class space    used 12503K, capacity 13468K, committed 13568K, reserved 1048576K
}
Event: 64.986 GC heap after
{Heap after GC invocations=35 (full 0):
 garbage-first heap   total 155648K, used 95236K [0x00000000a0000000, 0x0000000100000000)
  region size 1024K, 2 young (2048K), 2 survivors (2048K)
 Metaspace       used 96974K, capacity 99605K, committed 99920K, reserved 1136640K
  class space    used 12503K, capacity 13468K, committed 13568K, reserved 1048576K
}
Event: 66.094 GC heap before
{Heap before GC invocations=36 (full 0):
 garbage-first heap   total 155648K, used 131076K [0x00000000a0000000, 0x0000000100000000)
  region size 1024K, 37 young (37888K), 2 survivors (2048K)
 Metaspace       used 99231K, capacity 102024K, committed 102224K, reserved 1138688K
  class space    used 12773K, capacity 13769K, committed 13824K, reserved 1048576K
}
Event: 66.108 GC heap after
{Heap after GC invocations=37 (full 0):
 garbage-first heap   total 155648K, used 98608K [0x00000000a0000000, 0x0000000100000000)
  region size 1024K, 5 young (5120K), 5 survivors (5120K)
 Metaspace       used 99231K, capacity 102024K, committed 102224K, reserved 1138688K
  class space    used 12773K, capacity 13769K, committed 13824K, reserved 1048576K
}
Event: 66.811 GC heap before
{Heap before GC invocations=37 (full 0):
 garbage-first heap   total 155648K, used 129328K [0x00000000a0000000, 0x0000000100000000)
  region size 1024K, 36 young (36864K), 5 survivors (5120K)
 Metaspace       used 101189K, capacity 103983K, committed 104272K, reserved 1140736K
  class space    used 12989K, capacity 13981K, committed 14080K, reserved 1048576K
}
Event: 66.830 GC heap after
{Heap after GC invocations=38 (full 0):
 garbage-first heap   total 155648K, used 103575K [0x00000000a0000000, 0x0000000100000000)
  region size 1024K, 5 young (5120K), 5 survivors (5120K)
 Metaspace       used 101189K, capacity 103983K, committed 104272K, reserved 1140736K
  class space    used 12989K, capacity 13981K, committed 14080K, reserved 1048576K
}

